<?xml version="1.0" encoding="UTF-8"?>
<testsuite name="JsonTest" tests="1" skipped="0" failures="0" errors="0" timestamp="2022-02-28T10:27:47" hostname="VWAGWOY73119" time="0.152">
  <properties/>
  <testcase name="givenObjectSerializedThenTrueReturned()" classname="JsonTest" time="0.152"/>
  <system-out><![CDATA[]]></system-out>
  <system-err><![CDATA[]]></system-err>
</testsuite>
